1699032817006:help
1699032826208:postman-echo get
1699037356470:help
1699037368862:postman-echo get
1699037564441:exit
1699037588349:postman-echo get
1699037678527:postman-command post
1699037732051:help
1699037739470:postman-echo post
1699037844107:postman-echo get
1699037854540:postman-echo post
1699037931362:postman-echo put
1699037957449:postman-echo get
1699037967047:postman-get put
1699037980045:postman-echo put
1699038013103:help
1699038050139:exit
1699038272255:help
1699038306941:postman-post post
1699038313884:postman-echo post
1699038331797:postman-echo put
1699040685534:help
1699040721371:exit
1699040734296:help
1699040737105:exit
1699040762227:help
1699040776001:exit
1699040831751:help
1699040835532:pe get
1699040840582:pe post
1699040844394:pe put
1699040850370:pe delete
1699040871090:exit
1699041029767:help
1699041031838:get
1699041139476:help
1699041141722:get
1699041144426:put
1699041146646:post
1699041150517:delete
1699041159079:exit
